# JRE version: OpenJDK Runtime Environment Temurin-23.0.1+11 (23.0.1+11) (build 23.0.1+11)
# Java VM: OpenJDK 64-Bit Server VM Temurin-23.0.1+11 (23.0.1+11, mixed mode, emulated-client, sharing, tiered, compressed oops, compressed class ptrs, g1 gc, windows-amd64)
GC Precious Log:
 CardTable entry size: 512
 Card Set container configuration: InlinePtr #cards 5 size 8 Array Of Cards #cards 10 size 36 Howl #buckets 4 coarsen threshold 1843 Howl Bitmap #cards 512 size 80 coarsen threshold 460 Card regions per heap region 1 cards per card region 2048
 CPUs: 8 total, 8 available
 Memory: 7914M
 Large Page Support: Disabled
 NUMA Support: Disabled
 Compressed Oops: Enabled (32-bit)
 Heap Region Size: 1M
 Heap Min Capacity: 8M
 Heap Initial Capacity: 124M
 Heap Max Capacity: 1980M
 Pre-touch: Disabled
 Parallel Workers: 8
 Concurrent Workers: 2
 Concurrent Refinement Workers: 8
 Periodic GC: Disabled
Heap:
 garbage-first heap   total reserved 2027520K, committed 75776K, used 36831K [0x0000000084400000, 0x0000000100000000)
  region size 1024K, 5 young (5120K), 2 survivors (2048K)
 Metaspace       used 75007K, committed 75776K, reserved 1114112K
  class space    used 10853K, committed 11200K, reserved 1048576K
GC Heap History (20 events):
Event: 109.342 GC heap after
{Heap after GC invocations=23 (full 1):
 garbage-first heap   total reserved 2027520K, committed 75776K, used 35791K [0x0000000084400000, 0x0000000100000000)
  region size 1024K, 3 young (3072K), 3 survivors (3072K)
 Metaspace       used 74210K, committed 75072K, reserved 1114112K
  class space    used 10775K, committed 11136K, reserved 1048576K
}
Event: 184.148 GC heap before
{Heap before GC invocations=23 (full 1):
 garbage-first heap   total reserved 2027520K, committed 75776K, used 64463K [0x0000000084400000, 0x0000000100000000)
  region size 1024K, 31 young (31744K), 3 survivors (3072K)
 Metaspace       used 74257K, committed 75072K, reserved 1114112K
  class space    used 10782K, committed 11136K, reserved 1048576K
}
Event: 184.156 GC heap after
{Heap after GC invocations=24 (full 1):
 garbage-first heap   total reserved 2027520K, committed 75776K, used 38206K [0x0000000084400000, 0x0000000100000000)
  region size 1024K, 3 young (3072K), 3 survivors (3072K)
 Metaspace       used 74257K, committed 75072K, reserved 1114112K
  class space    used 10782K, committed 11136K, reserved 1048576K
}
Event: 275.618 GC heap before
{Heap before GC invocations=24 (full 1):
 garbage-first heap   total reserved 2027520K, committed 75776K, used 45374K [0x0000000084400000, 0x0000000100000000)
  region size 1024K, 11 young (11264K), 3 survivors (3072K)
 Metaspace       used 74260K, committed 75072K, reserved 1114112K
  class space    used 10782K, committed 11136K, reserved 1048576K
}
Event: 275.658 GC heap after
{Heap after GC invocations=25 (full 2):
 garbage-first heap   total reserved 2027520K, committed 75776K, used 23888K [0x0000000084400000, 0x0000000100000000)
  region size 1024K, 0 young (0K), 0 survivors (0K)
 Metaspace       used 74219K, committed 75072K, reserved 1114112K
  class space    used 10771K, committed 11136K, reserved 1048576K
}
Event: 275.939 GC heap before
{Heap before GC invocations=25 (full 2):
 garbage-first heap   total reserved 2027520K, committed 75776K, used 61776K [0x0000000084400000, 0x0000000100000000)
  region size 1024K, 38 young (38912K), 0 survivors (0K)
 Metaspace       used 74406K, committed 75072K, reserved 1114112K
  class space    used 10806K, committed 11136K, reserved 1048576K
}
Event: 275.942 GC heap after
{Heap after GC invocations=26 (full 2):
 garbage-first heap   total reserved 2027520K, committed 75776K, used 28293K [0x0000000084400000, 0x0000000100000000)
  region size 1024K, 5 young (5120K), 5 survivors (5120K)
 Metaspace       used 74406K, committed 75072K, reserved 1114112K
  class space    used 10806K, committed 11136K, reserved 1048576K
}
Event: 276.275 GC heap before
{Heap before GC invocations=27 (full 2):
 garbage-first heap   total reserved 2027520K, committed 75776K, used 63109K [0x0000000084400000, 0x0000000100000000)
  region size 1024K, 39 young (39936K), 5 survivors (5120K)
 Metaspace       used 74767K, committed 75392K, reserved 1114112K
  class space    used 10855K, committed 11136K, reserved 1048576K
}
Event: 276.281 GC heap after
{Heap after GC invocations=28 (full 2):
 garbage-first heap   total reserved 2027520K, committed 75776K, used 32030K [0x0000000084400000, 0x0000000100000000)
  region size 1024K, 5 young (5120K), 5 survivors (5120K)
 Metaspace       used 74767K, committed 75392K, reserved 1114112K
  class space    used 10855K, committed 11136K, reserved 1048576K
}
Event: 290.242 GC heap before
{Heap before GC invocations=28 (full 2):
 garbage-first heap   total reserved 2027520K, committed 75776K, used 51486K [0x0000000084400000, 0x0000000100000000)
  region size 1024K, 25 young (25600K), 5 survivors (5120K)
 Metaspace       used 74810K, committed 75456K, reserved 1114112K
  class space    used 10867K, committed 11136K, reserved 1048576K
}
Event: 290.277 GC heap after
{Heap after GC invocations=29 (full 3):
 garbage-first heap   total reserved 2027520K, committed 75776K, used 27607K [0x0000000084400000, 0x0000000100000000)
  region size 1024K, 0 young (0K), 0 survivors (0K)
 Metaspace       used 74745K, committed 75456K, reserved 1114112K
  class space    used 10850K, committed 11136K, reserved 1048576K
}
Event: 290.513 GC heap before
{Heap before GC invocations=29 (full 3):
 garbage-first heap   total reserved 2027520K, committed 75776K, used 62423K [0x0000000084400000, 0x0000000100000000)
  region size 1024K, 35 young (35840K), 0 survivors (0K)
 Metaspace       used 74862K, committed 75520K, reserved 1114112K
  class space    used 10867K, committed 11136K, reserved 1048576K
}
Event: 290.517 GC heap after
{Heap after GC invocations=30 (full 3):
 garbage-first heap   total reserved 2027520K, committed 75776K, used 30921K [0x0000000084400000, 0x0000000100000000)
  region size 1024K, 4 young (4096K), 4 survivors (4096K)
 Metaspace       used 74862K, committed 75520K, reserved 1114112K
  class space    used 10867K, committed 11136K, reserved 1048576K
}
Event: 290.789 GC heap before
{Heap before GC invocations=31 (full 3):
 garbage-first heap   total reserved 2027520K, committed 75776K, used 63689K [0x0000000084400000, 0x0000000100000000)
  region size 1024K, 36 young (36864K), 4 survivors (4096K)
 Metaspace       used 75118K, committed 75776K, reserved 1114112K
  class space    used 10885K, committed 11200K, reserved 1048576K
}
Event: 290.794 GC heap after
{Heap after GC invocations=32 (full 3):
 garbage-first heap   total reserved 2027520K, committed 75776K, used 33434K [0x0000000084400000, 0x0000000100000000)
  region size 1024K, 3 young (3072K), 3 survivors (3072K)
 Metaspace       used 75118K, committed 75776K, reserved 1114112K
  class space    used 10885K, committed 11200K, reserved 1048576K
}
Event: 501.053 GC heap before
{Heap before GC invocations=32 (full 3):
 garbage-first heap   total reserved 2027520K, committed 75776K, used 65178K [0x0000000084400000, 0x0000000100000000)
  region size 1024K, 34 young (34816K), 3 survivors (3072K)
 Metaspace       used 75122K, committed 75776K, reserved 1114112K
  class space    used 10886K, committed 11200K, reserved 1048576K
}
Event: 501.058 GC heap after
{Heap after GC invocations=33 (full 3):
 garbage-first heap   total reserved 2027520K, committed 75776K, used 34717K [0x0000000084400000, 0x0000000100000000)
  region size 1024K, 4 young (4096K), 4 survivors (4096K)
 Metaspace       used 75122K, committed 75776K, reserved 1114112K
  class space    used 10886K, committed 11200K, reserved 1048576K
}
Event: 917.571 GC heap before
{Heap before GC invocations=33 (full 3):
 garbage-first heap   total reserved 2027520K, committed 75776K, used 64413K [0x0000000084400000, 0x0000000100000000)
  region size 1024K, 33 young (33792K), 4 survivors (4096K)
 Metaspace       used 75122K, committed 75776K, reserved 1114112K
  class space    used 10886K, committed 11200K, reserved 1048576K
}
Event: 917.619 GC heap after
{Heap after GC invocations=34 (full 3):
 garbage-first heap   total reserved 2027520K, committed 75776K, used 34783K [0x0000000084400000, 0x0000000100000000)
  region size 1024K, 2 young (2048K), 2 survivors (2048K)
 Metaspace       used 75122K, committed 75776K, reserved 1114112K
  class space    used 10886K, committed 11200K, reserved 1048576K
}
Event: 932.267 GC heap before
{Heap before GC invocations=35 (full 3):
 garbage-first heap   total reserved 2027520K, committed 75776K, used 36831K [0x0000000084400000, 0x0000000100000000)
  region size 1024K, 5 young (5120K), 2 survivors (2048K)
 Metaspace       used 75007K, committed 75776K, reserved 1114112K
  class space    used 10853K, committed 11200K, reserved 1048576K
}

