# JRE version: OpenJDK Runtime Environment Temurin-23.0.1+11 (23.0.1+11) (build 23.0.1+11)
# Java VM: OpenJDK 64-Bit Server VM Temurin-23.0.1+11 (23.0.1+11, mixed mode, emulated-client, sharing, tiered, compressed oops, compressed class ptrs, g1 gc, windows-amd64)
GC Precious Log:
 CardTable entry size: 512
 Card Set container configuration: InlinePtr #cards 5 size 8 Array Of Cards #cards 10 size 36 Howl #buckets 4 coarsen threshold 1843 Howl Bitmap #cards 512 size 80 coarsen threshold 460 Card regions per heap region 1 cards per card region 2048
 CPUs: 8 total, 8 available
 Memory: 7914M
 Large Page Support: Disabled
 NUMA Support: Disabled
 Compressed Oops: Enabled (32-bit)
 Heap Region Size: 1M
 Heap Min Capacity: 8M
 Heap Initial Capacity: 124M
 Heap Max Capacity: 1980M
 Pre-touch: Disabled
 Parallel Workers: 8
 Concurrent Workers: 2
 Concurrent Refinement Workers: 8
 Periodic GC: Disabled
Heap:
 garbage-first heap   total reserved 2027520K, committed 72704K, used 57515K [0x0000000084400000, 0x0000000100000000)
  region size 1024K, 26 young (26624K), 1 survivors (1024K)
 Metaspace       used 74168K, committed 74944K, reserved 1114112K
  class space    used 10691K, committed 11008K, reserved 1048576K
GC Heap History (20 events):
Event: 12331.344 GC heap after
{Heap after GC invocations=95 (full 9):
 garbage-first heap   total reserved 2027520K, committed 72704K, used 32266K [0x0000000084400000, 0x0000000100000000)
  region size 1024K, 3 young (3072K), 3 survivors (3072K)
 Metaspace       used 74015K, committed 74752K, reserved 1114112K
  class space    used 10651K, committed 11008K, reserved 1048576K
}
Event: 12756.984 GC heap before
{Heap before GC invocations=95 (full 9):
 garbage-first heap   total reserved 2027520K, committed 72704K, used 61962K [0x0000000084400000, 0x0000000100000000)
  region size 1024K, 32 young (32768K), 3 survivors (3072K)
 Metaspace       used 74015K, committed 74752K, reserved 1114112K
  class space    used 10651K, committed 11008K, reserved 1048576K
}
Event: 12757.004 GC heap after
{Heap after GC invocations=96 (full 9):
 garbage-first heap   total reserved 2027520K, committed 72704K, used 32879K [0x0000000084400000, 0x0000000100000000)
  region size 1024K, 1 young (1024K), 1 survivors (1024K)
 Metaspace       used 74015K, committed 74752K, reserved 1114112K
  class space    used 10651K, committed 11008K, reserved 1048576K
}
Event: 12763.168 GC heap before
{Heap before GC invocations=96 (full 9):
 garbage-first heap   total reserved 2027520K, committed 72704K, used 33903K [0x0000000084400000, 0x0000000100000000)
  region size 1024K, 3 young (3072K), 1 survivors (1024K)
 Metaspace       used 74017K, committed 74816K, reserved 1114112K
  class space    used 10652K, committed 11008K, reserved 1048576K
}
Event: 12763.303 GC heap after
{Heap after GC invocations=97 (full 10):
 garbage-first heap   total reserved 2027520K, committed 72704K, used 23892K [0x0000000084400000, 0x0000000100000000)
  region size 1024K, 0 young (0K), 0 survivors (0K)
 Metaspace       used 73730K, committed 74688K, reserved 1114112K
  class space    used 10615K, committed 11008K, reserved 1048576K
}
Event: 12764.114 GC heap before
{Heap before GC invocations=97 (full 10):
 garbage-first heap   total reserved 2027520K, committed 72704K, used 61780K [0x0000000084400000, 0x0000000100000000)
  region size 1024K, 38 young (38912K), 0 survivors (0K)
 Metaspace       used 73868K, committed 74688K, reserved 1114112K
  class space    used 10649K, committed 11008K, reserved 1048576K
}
Event: 12764.118 GC heap after
{Heap after GC invocations=98 (full 10):
 garbage-first heap   total reserved 2027520K, committed 72704K, used 28141K [0x0000000084400000, 0x0000000100000000)
  region size 1024K, 5 young (5120K), 5 survivors (5120K)
 Metaspace       used 73868K, committed 74688K, reserved 1114112K
  class space    used 10649K, committed 11008K, reserved 1048576K
}
Event: 12764.582 GC heap before
{Heap before GC invocations=99 (full 10):
 garbage-first heap   total reserved 2027520K, committed 72704K, used 58861K [0x0000000084400000, 0x0000000100000000)
  region size 1024K, 36 young (36864K), 5 survivors (5120K)
 Metaspace       used 74155K, committed 74944K, reserved 1114112K
  class space    used 10689K, committed 11008K, reserved 1048576K
}
Event: 12764.588 GC heap after
{Heap after GC invocations=100 (full 10):
 garbage-first heap   total reserved 2027520K, committed 72704K, used 32380K [0x0000000084400000, 0x0000000100000000)
  region size 1024K, 5 young (5120K), 5 survivors (5120K)
 Metaspace       used 74155K, committed 74944K, reserved 1114112K
  class space    used 10689K, committed 11008K, reserved 1048576K
}
Event: 13137.358 GC heap before
{Heap before GC invocations=100 (full 10):
 garbage-first heap   total reserved 2027520K, committed 72704K, used 60028K [0x0000000084400000, 0x0000000100000000)
  region size 1024K, 32 young (32768K), 5 survivors (5120K)
 Metaspace       used 74159K, committed 74944K, reserved 1114112K
  class space    used 10690K, committed 11008K, reserved 1048576K
}
Event: 13137.380 GC heap after
{Heap after GC invocations=101 (full 10):
 garbage-first heap   total reserved 2027520K, committed 72704K, used 33025K [0x0000000084400000, 0x0000000100000000)
  region size 1024K, 2 young (2048K), 2 survivors (2048K)
 Metaspace       used 74159K, committed 74944K, reserved 1114112K
  class space    used 10690K, committed 11008K, reserved 1048576K
}
Event: 13240.194 GC heap before
{Heap before GC invocations=101 (full 10):
 garbage-first heap   total reserved 2027520K, committed 72704K, used 39169K [0x0000000084400000, 0x0000000100000000)
  region size 1024K, 9 young (9216K), 2 survivors (2048K)
 Metaspace       used 74162K, committed 74944K, reserved 1114112K
  class space    used 10690K, committed 11008K, reserved 1048576K
}
Event: 13240.328 GC heap after
{Heap after GC invocations=102 (full 11):
 garbage-first heap   total reserved 2027520K, committed 72704K, used 23919K [0x0000000084400000, 0x0000000100000000)
  region size 1024K, 0 young (0K), 0 survivors (0K)
 Metaspace       used 73755K, committed 74880K, reserved 1114112K
  class space    used 10622K, committed 11008K, reserved 1048576K
}
Event: 13242.323 GC heap before
{Heap before GC invocations=102 (full 11):
 garbage-first heap   total reserved 2027520K, committed 72704K, used 60783K [0x0000000084400000, 0x0000000100000000)
  region size 1024K, 37 young (37888K), 0 survivors (0K)
 Metaspace       used 73893K, committed 74880K, reserved 1114112K
  class space    used 10656K, committed 11008K, reserved 1048576K
}
Event: 13242.339 GC heap after
{Heap after GC invocations=103 (full 11):
 garbage-first heap   total reserved 2027520K, committed 72704K, used 27968K [0x0000000084400000, 0x0000000100000000)
  region size 1024K, 4 young (4096K), 4 survivors (4096K)
 Metaspace       used 73893K, committed 74880K, reserved 1114112K
  class space    used 10656K, committed 11008K, reserved 1048576K
}
Event: 13243.884 GC heap before
{Heap before GC invocations=104 (full 11):
 garbage-first heap   total reserved 2027520K, committed 72704K, used 61760K [0x0000000084400000, 0x0000000100000000)
  region size 1024K, 37 young (37888K), 4 survivors (4096K)
 Metaspace       used 74164K, committed 74944K, reserved 1114112K
  class space    used 10690K, committed 11008K, reserved 1048576K
}
Event: 13243.896 GC heap after
{Heap after GC invocations=105 (full 11):
 garbage-first heap   total reserved 2027520K, committed 72704K, used 32414K [0x0000000084400000, 0x0000000100000000)
  region size 1024K, 5 young (5120K), 5 survivors (5120K)
 Metaspace       used 74164K, committed 74944K, reserved 1114112K
  class space    used 10690K, committed 11008K, reserved 1048576K
}
Event: 13631.294 GC heap before
{Heap before GC invocations=105 (full 11):
 garbage-first heap   total reserved 2027520K, committed 72704K, used 60062K [0x0000000084400000, 0x0000000100000000)
  region size 1024K, 32 young (32768K), 5 survivors (5120K)
 Metaspace       used 74166K, committed 74944K, reserved 1114112K
  class space    used 10690K, committed 11008K, reserved 1048576K
}
Event: 13631.311 GC heap after
{Heap after GC invocations=106 (full 11):
 garbage-first heap   total reserved 2027520K, committed 72704K, used 32939K [0x0000000084400000, 0x0000000100000000)
  region size 1024K, 1 young (1024K), 1 survivors (1024K)
 Metaspace       used 74166K, committed 74944K, reserved 1114112K
  class space    used 10690K, committed 11008K, reserved 1048576K
}
Event: 14059.742 GC heap before
{Heap before GC invocations=106 (full 11):
 garbage-first heap   total reserved 2027520K, committed 72704K, used 57515K [0x0000000084400000, 0x0000000100000000)
  region size 1024K, 26 young (26624K), 1 survivors (1024K)
 Metaspace       used 74168K, committed 74944K, reserved 1114112K
  class space    used 10691K, committed 11008K, reserved 1048576K
}

